Arguments: 
  C:\Program Files\nodejs\node.exe C:\Users\Toshiba Laptop\AppData\Roaming\npm\node_modules\yarn\bin\yarn.js start

PATH: 
  C:\Program Files\Git\mingw64\bin;C:\Program Files\Git\usr\bin;C:\Users\Toshiba Laptop\bin;C:\Python35\Scripts;C:\Python35;C:\ProgramData\Oracle\Java\javapath;C:\Program Files (x86)\Common Files\ArcSoft\Bin;C:\Program Files (x86)\Intel\iCLS Client;C:\Program Files\Intel\iCLS Client;C:\WINDOWS\system32;C:\WINDOWS;C:\WINDOWS\System32\Wbem;C:\WINDOWS\System32\WindowsPowerShell\v1.0;C:\Program Files (x86)\Windows Live\Shared;C:\Program Files\Intel\Intel(R) Management Engine Components\DAL;C:\Program Files\Intel\Intel(R) Management Engine Components\IPT;C:\Program Files (x86)\Intel\Intel(R) Management Engine Components\DAL;C:\Program Files (x86)\Intel\Intel(R) Management Engine Components\IPT;C:\Program Files (x86)\Intel\OpenCL SDK\2.0\bin\x86;C:\Program Files (x86)\Intel\OpenCL SDK\2.0\bin\x64;C:\Program Files (x86)\QuickTime\QTSystem;C:\Program Files\Intel\WiFi\bin;C:\Program Files\Common Files\Intel\WirelessCommon;C:\Program Files\Git\cmd;C:\Program Files\nodejs;C:\Program Files\MongoDB\Server\3.6\bin;C:\Program Files\Intel\WiFi\bin;C:\Program Files\Common Files\Intel\WirelessCommon;C:\Users\Toshiba Laptop\AppData\Local\Microsoft\WindowsApps;C:\Program Files\Heroku\bin;C:\Users\Toshiba Laptop\AppData\Roaming\npm;C:\Program Files\Microsoft VS Code\bin

Yarn version: 
  1.5.1

Node version: 
  9.5.0

Platform: 
  win32 x64

npm manifest: 
  {
    "name": "newsscrape",
    "version": "1.0.0",
    "description": "In this assignment, you'll create a web app that lets users view and leave comments on the latest news. But you're not going to actually write any articles; instead, you'll flex your Mongoose and Cheerio muscles to scrape news from another site.",
    "main": "server.js",
    "scripts": {
      "test": "echo \"Error: no test specified\" && exit 1",
      "start": "node server.js"
    },
    "repository": {
      "type": "git",
      "url": "git+https://github.com/2crazyflowers/News_Scraper.git"
    },
    "author": "Sara Bracewell",
    "license": "ISC",
    "bugs": {
      "url": "https://github.com/2crazyflowers/News_Scraper/issues"
    },
    "homepage": "https://github.com/2crazyflowers/News_Scraper#readme",
    "dependencies": {
      "axios": "^0.18.0",
      "body-parser": "^1.18.2",
      "cheerio": "^1.0.0-rc.2",
      "express": "^4.16.3",
      "express-handlebars": "^3.0.0",
      "mongoose": "^5.0.12",
      "morgan": "^1.9.0",
      "request": "^2.85.0"
    }
  }

yarn manifest: 
  No manifest

Lockfile: 
  No lockfile

Trace: 
  Error: Command failed.
  Exit code: 3221225786
  Command: C:\WINDOWS\system32\cmd.exe
  Arguments: /d /s /c node server.js
  Directory: c:\Users\Toshiba Laptop\Documents\Documents\GitHub\NewsScraper
  Output:
  
      at ProcessTermError.MessageError (C:\Users\Toshiba Laptop\AppData\Roaming\npm\node_modules\yarn\lib\cli.js:186:110)
      at new ProcessTermError (C:\Users\Toshiba Laptop\AppData\Roaming\npm\node_modules\yarn\lib\cli.js:226:113)
      at ChildProcess.<anonymous> (C:\Users\Toshiba Laptop\AppData\Roaming\npm\node_modules\yarn\lib\cli.js:30281:17)
      at ChildProcess.emit (events.js:160:13)
      at maybeClose (internal/child_process.js:943:16)
      at Process.ChildProcess._handle.onexit (internal/child_process.js:220:5)
